<?xml version="1.0" encoding="UTF-8"?>
<testsuites name="jest tests" tests="32" failures="0" errors="0" time="1.694">
  <testsuite name="useServiceRequests" errors="0" failures="0" skipped="0" timestamp="2025-09-26T05:45:53" time="0.282" tests="6">
    <testcase classname="useServiceRequests should return service request data and stats" name="useServiceRequests should return service request data and stats" time="0.018">
    </testcase>
    <testcase classname="useServiceRequests should handle loading state" name="useServiceRequests should handle loading state" time="0.004">
    </testcase>
    <testcase classname="useServiceRequests should handle error state" name="useServiceRequests should handle error state" time="0.004">
    </testcase>
    <testcase classname="useServiceRequests should handle custom options" name="useServiceRequests should handle custom options" time="0.001">
    </testcase>
    <testcase classname="useServiceRequests should log development warning when createServiceRequest is called" name="useServiceRequests should log development warning when createServiceRequest is called" time="0.004">
    </testcase>
    <testcase classname="useServiceRequests should pass through refetch function" name="useServiceRequests should pass through refetch function" time="0.001">
    </testcase>
  </testsuite>
  <testsuite name="useDashboardData" errors="0" failures="0" skipped="0" timestamp="2025-09-26T05:45:53" time="0.609" tests="8">
    <testcase classname="useDashboardData should fetch USER dashboard data successfully" name="useDashboardData should fetch USER dashboard data successfully" time="0.069">
    </testcase>
    <testcase classname="useDashboardData should fetch OPERATOR dashboard data successfully" name="useDashboardData should fetch OPERATOR dashboard data successfully" time="0.053">
    </testcase>
    <testcase classname="useDashboardData should handle authentication error" name="useDashboardData should handle authentication error" time="0.055">
    </testcase>
    <testcase classname="useDashboardData should handle authorization error" name="useDashboardData should handle authorization error" time="0.054">
    </testcase>
    <testcase classname="useDashboardData should handle network error" name="useDashboardData should handle network error" time="0.056">
    </testcase>
    <testcase classname="useDashboardData should build correct query parameters" name="useDashboardData should build correct query parameters" time="0.003">
    </testcase>
    <testcase classname="useDashboardData should handle refetch" name="useDashboardData should handle refetch" time="0.055">
    </testcase>
    <testcase classname="useDashboardData should handle error for invalid role" name="useDashboardData should handle error for invalid role" time="0.004">
    </testcase>
  </testsuite>
  <testsuite name="useServiceRequestForm" errors="0" failures="0" skipped="0" timestamp="2025-09-26T05:45:53" time="0.99" tests="8">
    <testcase classname="useServiceRequestForm should initialize with default form values" name="useServiceRequestForm should initialize with default form values" time="0.013">
    </testcase>
    <testcase classname="useServiceRequestForm should update total hours when duration changes" name="useServiceRequestForm should update total hours when duration changes" time="0.003">
    </testcase>
    <testcase classname="useServiceRequestForm should handle job site input change and trigger address search" name="useServiceRequestForm should handle job site input change and trigger address search" time="0.312">
    </testcase>
    <testcase classname="useServiceRequestForm should handle address selection" name="useServiceRequestForm should handle address selection" time="0.002">
    </testcase>
    <testcase classname="useServiceRequestForm should handle geocoding service errors gracefully" name="useServiceRequestForm should handle geocoding service errors gracefully" time="0.316">
    </testcase>
    <testcase classname="useServiceRequestForm should submit form successfully" name="useServiceRequestForm should submit form successfully" time="0.005">
    </testcase>
    <testcase classname="useServiceRequestForm should handle form submission errors" name="useServiceRequestForm should handle form submission errors" time="0.003">
    </testcase>
    <testcase classname="useServiceRequestForm should handle network errors" name="useServiceRequestForm should handle network errors" time="0.004">
    </testcase>
  </testsuite>
  <testsuite name="useOperatorApplicationForm" errors="0" failures="0" skipped="0" timestamp="2025-09-26T05:45:53" time="1.052" tests="10">
    <testcase classname="useOperatorApplicationForm should initialize with default form values" name="useOperatorApplicationForm should initialize with default form values" time="0.012">
    </testcase>
    <testcase classname="useOperatorApplicationForm should handle input change and trigger address search" name="useOperatorApplicationForm should handle input change and trigger address search" time="0.311">
    </testcase>
    <testcase classname="useOperatorApplicationForm should not search for addresses with less than 3 characters" name="useOperatorApplicationForm should not search for addresses with less than 3 characters" time="0.005">
    </testcase>
    <testcase classname="useOperatorApplicationForm should handle address selection" name="useOperatorApplicationForm should handle address selection" time="0.002">
    </testcase>
    <testcase classname="useOperatorApplicationForm should handle geocoding API errors gracefully" name="useOperatorApplicationForm should handle geocoding API errors gracefully" time="0.314">
    </testcase>
    <testcase classname="useOperatorApplicationForm should handle suggestions blur with delay" name="useOperatorApplicationForm should handle suggestions blur with delay" time="0.003">
    </testcase>
    <testcase classname="useOperatorApplicationForm should submit form successfully" name="useOperatorApplicationForm should submit form successfully" time="0.005">
    </testcase>
    <testcase classname="useOperatorApplicationForm should handle form submission errors" name="useOperatorApplicationForm should handle form submission errors" time="0.002">
    </testcase>
    <testcase classname="useOperatorApplicationForm should handle network errors during submission" name="useOperatorApplicationForm should handle network errors during submission" time="0.005">
    </testcase>
    <testcase classname="useOperatorApplicationForm should set loading states correctly during submission" name="useOperatorApplicationForm should set loading states correctly during submission" time="0.055">
    </testcase>
  </testsuite>
</testsuites>