<?xml version="1.0" encoding="UTF-8"?>
<testsuites name="jest tests" tests="17" failures="0" errors="0" time="0.592">
  <testsuite name="Dashboard API Routes" errors="0" failures="0" skipped="0" timestamp="2025-09-26T02:27:50" time="0.252" tests="17">
    <testcase classname="Dashboard API Routes GET /api/dashboard/user should return user dashboard data for authenticated user" name="Dashboard API Routes GET /api/dashboard/user should return user dashboard data for authenticated user" time="0.004">
    </testcase>
    <testcase classname="Dashboard API Routes GET /api/dashboard/user should return 401 for unauthenticated request" name="Dashboard API Routes GET /api/dashboard/user should return 401 for unauthenticated request" time="0">
    </testcase>
    <testcase classname="Dashboard API Routes GET /api/dashboard/user should validate query parameters" name="Dashboard API Routes GET /api/dashboard/user should validate query parameters" time="0.002">
    </testcase>
    <testcase classname="Dashboard API Routes GET /api/dashboard/user should handle service errors gracefully" name="Dashboard API Routes GET /api/dashboard/user should handle service errors gracefully" time="0.001">
    </testcase>
    <testcase classname="Dashboard API Routes GET /api/dashboard/operator should return operator dashboard data for operator user" name="Dashboard API Routes GET /api/dashboard/operator should return operator dashboard data for operator user" time="0.004">
    </testcase>
    <testcase classname="Dashboard API Routes GET /api/dashboard/operator should return 403 for non-operator user" name="Dashboard API Routes GET /api/dashboard/operator should return 403 for non-operator user" time="0.001">
    </testcase>
    <testcase classname="Dashboard API Routes GET /api/dashboard/operator should allow admin access to operator endpoint" name="Dashboard API Routes GET /api/dashboard/operator should allow admin access to operator endpoint" time="0">
    </testcase>
    <testcase classname="Dashboard API Routes GET /api/dashboard/manager should return manager dashboard data with date range" name="Dashboard API Routes GET /api/dashboard/manager should return manager dashboard data with date range" time="0.001">
    </testcase>
    <testcase classname="Dashboard API Routes GET /api/dashboard/manager should validate date range parameters" name="Dashboard API Routes GET /api/dashboard/manager should validate date range parameters" time="0.001">
    </testcase>
    <testcase classname="Dashboard API Routes GET /api/dashboard/manager should return 403 for non-manager user" name="Dashboard API Routes GET /api/dashboard/manager should return 403 for non-manager user" time="0">
    </testcase>
    <testcase classname="Dashboard API Routes GET /api/dashboard/admin should return admin dashboard data with security headers" name="Dashboard API Routes GET /api/dashboard/admin should return admin dashboard data with security headers" time="0.001">
    </testcase>
    <testcase classname="Dashboard API Routes GET /api/dashboard/admin should return 403 for non-admin user" name="Dashboard API Routes GET /api/dashboard/admin should return 403 for non-admin user" time="0">
    </testcase>
    <testcase classname="Dashboard API Routes GET /api/dashboard/admin should use shortest cache TTL for admin data" name="Dashboard API Routes GET /api/dashboard/admin should use shortest cache TTL for admin data" time="0.001">
    </testcase>
    <testcase classname="Dashboard API Routes Mobile JWT Compatibility should work with JWT tokens across all endpoints" name="Dashboard API Routes Mobile JWT Compatibility should work with JWT tokens across all endpoints" time="0.001">
    </testcase>
    <testcase classname="Dashboard API Routes Mobile JWT Compatibility should handle caching parameters for mobile apps" name="Dashboard API Routes Mobile JWT Compatibility should handle caching parameters for mobile apps" time="0.001">
    </testcase>
    <testcase classname="Dashboard API Routes Error Handling should handle middleware Response errors" name="Dashboard API Routes Error Handling should handle middleware Response errors" time="0.018">
    </testcase>
    <testcase classname="Dashboard API Routes Error Handling should handle unexpected errors" name="Dashboard API Routes Error Handling should handle unexpected errors" time="0.006">
    </testcase>
  </testsuite>
</testsuites>