<?xml version="1.0" encoding="UTF-8"?>
<testsuites name="jest tests" tests="18" failures="0" errors="0" time="1.017">
  <testsuite name="Platform-Agnostic Validation Tests" errors="0" failures="0" skipped="0" timestamp="2025-09-25T23:02:00" time="0.584" tests="18">
    <testcase classname="Platform-Agnostic Validation Tests Framework Independence should instantiate all services without Next.js dependencies" name="Platform-Agnostic Validation Tests Framework Independence should instantiate all services without Next.js dependencies" time="0.002">
    </testcase>
    <testcase classname="Platform-Agnostic Validation Tests Framework Independence should work without browser globals" name="Platform-Agnostic Validation Tests Framework Independence should work without browser globals" time="0.027">
    </testcase>
    <testcase classname="Platform-Agnostic Validation Tests Framework Independence should not import Next.js specific modules" name="Platform-Agnostic Validation Tests Framework Independence should not import Next.js specific modules" time="0.005">
    </testcase>
    <testcase classname="Platform-Agnostic Validation Tests Framework Independence should not import React dependencies" name="Platform-Agnostic Validation Tests Framework Independence should not import React dependencies" time="0.002">
    </testcase>
    <testcase classname="Platform-Agnostic Validation Tests React Native Environment Simulation should work in React Native-like environment" name="Platform-Agnostic Validation Tests React Native Environment Simulation should work in React Native-like environment" time="0.003">
    </testcase>
    <testcase classname="Platform-Agnostic Validation Tests React Native Environment Simulation should handle mobile-specific data serialization" name="Platform-Agnostic Validation Tests React Native Environment Simulation should handle mobile-specific data serialization" time="0.005">
    </testcase>
    <testcase classname="Platform-Agnostic Validation Tests React Native Environment Simulation should provide consistent error handling for mobile apps" name="Platform-Agnostic Validation Tests React Native Environment Simulation should provide consistent error handling for mobile apps" time="0.003">
    </testcase>
    <testcase classname="Platform-Agnostic Validation Tests Cross-Platform API Consistency should provide consistent ServiceResult format across all operations" name="Platform-Agnostic Validation Tests Cross-Platform API Consistency should provide consistent ServiceResult format across all operations" time="0.002">
    </testcase>
    <testcase classname="Platform-Agnostic Validation Tests Cross-Platform API Consistency should handle async operations consistently" name="Platform-Agnostic Validation Tests Cross-Platform API Consistency should handle async operations consistently" time="0.003">
    </testcase>
    <testcase classname="Platform-Agnostic Validation Tests Cross-Platform API Consistency should provide mobile-friendly type definitions" name="Platform-Agnostic Validation Tests Cross-Platform API Consistency should provide mobile-friendly type definitions" time="0">
    </testcase>
    <testcase classname="Platform-Agnostic Validation Tests Mobile SDK Integration Patterns should support dependency injection for mobile testing" name="Platform-Agnostic Validation Tests Mobile SDK Integration Patterns should support dependency injection for mobile testing" time="0.002">
    </testcase>
    <testcase classname="Platform-Agnostic Validation Tests Mobile SDK Integration Patterns should handle network failures gracefully for mobile apps" name="Platform-Agnostic Validation Tests Mobile SDK Integration Patterns should handle network failures gracefully for mobile apps" time="0.008">
    </testcase>
    <testcase classname="Platform-Agnostic Validation Tests Mobile SDK Integration Patterns should provide offline-capable business logic" name="Platform-Agnostic Validation Tests Mobile SDK Integration Patterns should provide offline-capable business logic" time="0.004">
    </testcase>
    <testcase classname="Platform-Agnostic Validation Tests Performance for Mobile Devices should perform calculations efficiently on mobile hardware" name="Platform-Agnostic Validation Tests Performance for Mobile Devices should perform calculations efficiently on mobile hardware" time="0.224">
    </testcase>
    <testcase classname="Platform-Agnostic Validation Tests Performance for Mobile Devices should minimize memory usage for mobile apps" name="Platform-Agnostic Validation Tests Performance for Mobile Devices should minimize memory usage for mobile apps" time="0.005">
    </testcase>
    <testcase classname="Platform-Agnostic Validation Tests Mobile Authentication Patterns should support token-based authentication for mobile apps" name="Platform-Agnostic Validation Tests Mobile Authentication Patterns should support token-based authentication for mobile apps" time="0.001">
    </testcase>
    <testcase classname="Platform-Agnostic Validation Tests Mobile Authentication Patterns should handle session data for hybrid authentication" name="Platform-Agnostic Validation Tests Mobile Authentication Patterns should handle session data for hybrid authentication" time="0">
    </testcase>
    <testcase classname="Platform-Agnostic Validation Tests Mobile Authentication Patterns should provide consistent error codes for mobile error handling" name="Platform-Agnostic Validation Tests Mobile Authentication Patterns should provide consistent error codes for mobile error handling" time="0.005">
    </testcase>
  </testsuite>
</testsuites>