<?xml version="1.0" encoding="UTF-8"?>
<testsuites name="jest tests" tests="16" failures="1" errors="0" time="0.345">
  <testsuite name="Service Request Flow Integration Tests" errors="0" failures="1" skipped="0" timestamp="2025-09-25T19:49:25" time="0.153" tests="16">
    <testcase classname="Service Request Flow Integration Tests Mobile-First Architecture Validation should work in pure Node.js environment without Next.js dependencies" name="Service Request Flow Integration Tests Mobile-First Architecture Validation should work in pure Node.js environment without Next.js dependencies" time="0.001">
    </testcase>
    <testcase classname="Service Request Flow Integration Tests Mobile-First Architecture Validation should provide platform-agnostic business logic" name="Service Request Flow Integration Tests Mobile-First Architecture Validation should provide platform-agnostic business logic" time="0.001">
    </testcase>
    <testcase classname="Service Request Flow Integration Tests Mobile-First Architecture Validation should validate business rules without UI context" name="Service Request Flow Integration Tests Mobile-First Architecture Validation should validate business rules without UI context" time="0">
    </testcase>
    <testcase classname="Service Request Flow Integration Tests End-to-End Service Request Workflow should create service request with calculated hours" name="Service Request Flow Integration Tests End-to-End Service Request Workflow should create service request with calculated hours" time="0.001">
    </testcase>
    <testcase classname="Service Request Flow Integration Tests End-to-End Service Request Workflow should retrieve service requests with role-based access" name="Service Request Flow Integration Tests End-to-End Service Request Workflow should retrieve service requests with role-based access" time="0">
    </testcase>
    <testcase classname="Service Request Flow Integration Tests End-to-End Service Request Workflow should validate status transitions in workflow" name="Service Request Flow Integration Tests End-to-End Service Request Workflow should validate status transitions in workflow" time="0">
    </testcase>
    <testcase classname="Service Request Flow Integration Tests End-to-End Service Request Workflow should update service request with validation" name="Service Request Flow Integration Tests End-to-End Service Request Workflow should update service request with validation" time="0">
    </testcase>
    <testcase classname="Service Request Flow Integration Tests End-to-End Service Request Workflow should handle access control for service requests" name="Service Request Flow Integration Tests End-to-End Service Request Workflow should handle access control for service requests" time="0.01">
      <failure>Error: expect(received).toBe(expected) // Object.is equality

Expected: &quot;DATABASE_ERROR&quot;
Received: &quot;ACCESS_DENIED&quot;
    at Object.toBe (/Users/samhenry/patriot-heavy-ops/patriot-heavy-ops/__tests__/services/integration/service-request-flow.test.ts:260:34)
    at processTicksAndRejections (node:internal/process/task_queues:105:5)</failure>
    </testcase>
    <testcase classname="Service Request Flow Integration Tests Service Layer Independence should operate without external framework dependencies" name="Service Request Flow Integration Tests Service Layer Independence should operate without external framework dependencies" time="0">
    </testcase>
    <testcase classname="Service Request Flow Integration Tests Service Layer Independence should provide consistent API across platforms" name="Service Request Flow Integration Tests Service Layer Independence should provide consistent API across platforms" time="0.003">
    </testcase>
    <testcase classname="Service Request Flow Integration Tests Service Layer Independence should handle errors consistently across all operations" name="Service Request Flow Integration Tests Service Layer Independence should handle errors consistently across all operations" time="0">
    </testcase>
    <testcase classname="Service Request Flow Integration Tests Mobile SDK Compatibility should support React Native environment simulation" name="Service Request Flow Integration Tests Mobile SDK Compatibility should support React Native environment simulation" time="0">
    </testcase>
    <testcase classname="Service Request Flow Integration Tests Mobile SDK Compatibility should provide serializable data structures" name="Service Request Flow Integration Tests Mobile SDK Compatibility should provide serializable data structures" time="0">
    </testcase>
    <testcase classname="Service Request Flow Integration Tests Mobile SDK Compatibility should handle async operations with proper error boundaries" name="Service Request Flow Integration Tests Mobile SDK Compatibility should handle async operations with proper error boundaries" time="0.001">
    </testcase>
    <testcase classname="Service Request Flow Integration Tests Performance and Scalability should handle large calculation inputs efficiently" name="Service Request Flow Integration Tests Performance and Scalability should handle large calculation inputs efficiently" time="0">
    </testcase>
    <testcase classname="Service Request Flow Integration Tests Performance and Scalability should validate business rules efficiently" name="Service Request Flow Integration Tests Performance and Scalability should validate business rules efficiently" time="0">
    </testcase>
  </testsuite>
</testsuites>