<?xml version="1.0" encoding="UTF-8"?>
<testsuites name="jest tests" tests="6" failures="0" errors="0" time="0.496">
  <testsuite name="useServiceRequests" errors="0" failures="0" skipped="0" timestamp="2025-09-26T05:02:16" time="0.182" tests="6">
    <testcase classname="useServiceRequests should return service request data and stats" name="useServiceRequests should return service request data and stats" time="0.008">
    </testcase>
    <testcase classname="useServiceRequests should handle loading state" name="useServiceRequests should handle loading state" time="0.002">
    </testcase>
    <testcase classname="useServiceRequests should handle error state" name="useServiceRequests should handle error state" time="0.002">
    </testcase>
    <testcase classname="useServiceRequests should handle custom options" name="useServiceRequests should handle custom options" time="0.001">
    </testcase>
    <testcase classname="useServiceRequests should log development warning when createServiceRequest is called" name="useServiceRequests should log development warning when createServiceRequest is called" time="0.002">
    </testcase>
    <testcase classname="useServiceRequests should pass through refetch function" name="useServiceRequests should pass through refetch function" time="0">
    </testcase>
  </testsuite>
</testsuites>