<?xml version="1.0" encoding="UTF-8"?>
<testsuites name="jest tests" tests="35" failures="0" errors="0" time="0.979">
  <testsuite name="Platform-Agnostic Validation Tests" errors="0" failures="0" skipped="0" timestamp="2025-09-25T22:48:43" time="0.417" tests="18">
    <testcase classname="Platform-Agnostic Validation Tests Framework Independence should instantiate all services without Next.js dependencies" name="Platform-Agnostic Validation Tests Framework Independence should instantiate all services without Next.js dependencies" time="0.002">
    </testcase>
    <testcase classname="Platform-Agnostic Validation Tests Framework Independence should work without browser globals" name="Platform-Agnostic Validation Tests Framework Independence should work without browser globals" time="0.023">
    </testcase>
    <testcase classname="Platform-Agnostic Validation Tests Framework Independence should not import Next.js specific modules" name="Platform-Agnostic Validation Tests Framework Independence should not import Next.js specific modules" time="0.006">
    </testcase>
    <testcase classname="Platform-Agnostic Validation Tests Framework Independence should not import React dependencies" name="Platform-Agnostic Validation Tests Framework Independence should not import React dependencies" time="0.001">
    </testcase>
    <testcase classname="Platform-Agnostic Validation Tests React Native Environment Simulation should work in React Native-like environment" name="Platform-Agnostic Validation Tests React Native Environment Simulation should work in React Native-like environment" time="0.002">
    </testcase>
    <testcase classname="Platform-Agnostic Validation Tests React Native Environment Simulation should handle mobile-specific data serialization" name="Platform-Agnostic Validation Tests React Native Environment Simulation should handle mobile-specific data serialization" time="0.003">
    </testcase>
    <testcase classname="Platform-Agnostic Validation Tests React Native Environment Simulation should provide consistent error handling for mobile apps" name="Platform-Agnostic Validation Tests React Native Environment Simulation should provide consistent error handling for mobile apps" time="0.003">
    </testcase>
    <testcase classname="Platform-Agnostic Validation Tests Cross-Platform API Consistency should provide consistent ServiceResult format across all operations" name="Platform-Agnostic Validation Tests Cross-Platform API Consistency should provide consistent ServiceResult format across all operations" time="0.002">
    </testcase>
    <testcase classname="Platform-Agnostic Validation Tests Cross-Platform API Consistency should handle async operations consistently" name="Platform-Agnostic Validation Tests Cross-Platform API Consistency should handle async operations consistently" time="0.002">
    </testcase>
    <testcase classname="Platform-Agnostic Validation Tests Cross-Platform API Consistency should provide mobile-friendly type definitions" name="Platform-Agnostic Validation Tests Cross-Platform API Consistency should provide mobile-friendly type definitions" time="0.001">
    </testcase>
    <testcase classname="Platform-Agnostic Validation Tests Mobile SDK Integration Patterns should support dependency injection for mobile testing" name="Platform-Agnostic Validation Tests Mobile SDK Integration Patterns should support dependency injection for mobile testing" time="0">
    </testcase>
    <testcase classname="Platform-Agnostic Validation Tests Mobile SDK Integration Patterns should handle network failures gracefully for mobile apps" name="Platform-Agnostic Validation Tests Mobile SDK Integration Patterns should handle network failures gracefully for mobile apps" time="0.008">
    </testcase>
    <testcase classname="Platform-Agnostic Validation Tests Mobile SDK Integration Patterns should provide offline-capable business logic" name="Platform-Agnostic Validation Tests Mobile SDK Integration Patterns should provide offline-capable business logic" time="0.003">
    </testcase>
    <testcase classname="Platform-Agnostic Validation Tests Performance for Mobile Devices should perform calculations efficiently on mobile hardware" name="Platform-Agnostic Validation Tests Performance for Mobile Devices should perform calculations efficiently on mobile hardware" time="0.181">
    </testcase>
    <testcase classname="Platform-Agnostic Validation Tests Performance for Mobile Devices should minimize memory usage for mobile apps" name="Platform-Agnostic Validation Tests Performance for Mobile Devices should minimize memory usage for mobile apps" time="0.004">
    </testcase>
    <testcase classname="Platform-Agnostic Validation Tests Mobile Authentication Patterns should support token-based authentication for mobile apps" name="Platform-Agnostic Validation Tests Mobile Authentication Patterns should support token-based authentication for mobile apps" time="0">
    </testcase>
    <testcase classname="Platform-Agnostic Validation Tests Mobile Authentication Patterns should handle session data for hybrid authentication" name="Platform-Agnostic Validation Tests Mobile Authentication Patterns should handle session data for hybrid authentication" time="0">
    </testcase>
    <testcase classname="Platform-Agnostic Validation Tests Mobile Authentication Patterns should provide consistent error codes for mobile error handling" name="Platform-Agnostic Validation Tests Mobile Authentication Patterns should provide consistent error codes for mobile error handling" time="0.004">
    </testcase>
  </testsuite>
  <testsuite name="Architecture Validation Tests" errors="0" failures="0" skipped="0" timestamp="2025-09-25T22:48:43" time="0.153" tests="17">
    <testcase classname="Architecture Validation Tests Layer Separation Validation should maintain clear separation between service and repository layers" name="Architecture Validation Tests Layer Separation Validation should maintain clear separation between service and repository layers" time="0.003">
    </testcase>
    <testcase classname="Architecture Validation Tests Layer Separation Validation should prevent UI components from importing service layer directly" name="Architecture Validation Tests Layer Separation Validation should prevent UI components from importing service layer directly" time="0.029">
    </testcase>
    <testcase classname="Architecture Validation Tests Layer Separation Validation should ensure API routes use service layer properly" name="Architecture Validation Tests Layer Separation Validation should ensure API routes use service layer properly" time="0.006">
    </testcase>
    <testcase classname="Architecture Validation Tests Layer Separation Validation should validate repository layer independence" name="Architecture Validation Tests Layer Separation Validation should validate repository layer independence" time="0.001">
    </testcase>
    <testcase classname="Architecture Validation Tests Circular Dependency Detection should detect circular dependencies in service layer" name="Architecture Validation Tests Circular Dependency Detection should detect circular dependencies in service layer" time="0.001">
    </testcase>
    <testcase classname="Architecture Validation Tests Circular Dependency Detection should detect circular dependencies in repository layer" name="Architecture Validation Tests Circular Dependency Detection should detect circular dependencies in repository layer" time="0">
    </testcase>
    <testcase classname="Architecture Validation Tests Circular Dependency Detection should validate cross-layer dependency direction" name="Architecture Validation Tests Circular Dependency Detection should validate cross-layer dependency direction" time="0.001">
    </testcase>
    <testcase classname="Architecture Validation Tests Framework Coupling Prevention should prevent Next.js coupling in service layer" name="Architecture Validation Tests Framework Coupling Prevention should prevent Next.js coupling in service layer" time="0.002">
    </testcase>
    <testcase classname="Architecture Validation Tests Framework Coupling Prevention should prevent React coupling in service layer" name="Architecture Validation Tests Framework Coupling Prevention should prevent React coupling in service layer" time="0.002">
    </testcase>
    <testcase classname="Architecture Validation Tests Framework Coupling Prevention should prevent browser API usage in service layer" name="Architecture Validation Tests Framework Coupling Prevention should prevent browser API usage in service layer" time="0.002">
    </testcase>
    <testcase classname="Architecture Validation Tests Framework Coupling Prevention should prevent DOM manipulation in service layer" name="Architecture Validation Tests Framework Coupling Prevention should prevent DOM manipulation in service layer" time="0.001">
    </testcase>
    <testcase classname="Architecture Validation Tests Mobile-Ready Architecture Validation should validate service layer exports for mobile SDK" name="Architecture Validation Tests Mobile-Ready Architecture Validation should validate service layer exports for mobile SDK" time="0">
    </testcase>
    <testcase classname="Architecture Validation Tests Mobile-Ready Architecture Validation should validate repository layer exports for mobile SDK" name="Architecture Validation Tests Mobile-Ready Architecture Validation should validate repository layer exports for mobile SDK" time="0.001">
    </testcase>
    <testcase classname="Architecture Validation Tests Mobile-Ready Architecture Validation should ensure consistent error handling patterns" name="Architecture Validation Tests Mobile-Ready Architecture Validation should ensure consistent error handling patterns" time="0">
    </testcase>
    <testcase classname="Architecture Validation Tests Mobile-Ready Architecture Validation should validate type safety for mobile development" name="Architecture Validation Tests Mobile-Ready Architecture Validation should validate type safety for mobile development" time="0.001">
    </testcase>
    <testcase classname="Architecture Validation Tests Performance Architecture Validation should validate efficient import patterns" name="Architecture Validation Tests Performance Architecture Validation should validate efficient import patterns" time="0.001">
    </testcase>
    <testcase classname="Architecture Validation Tests Performance Architecture Validation should validate memory-efficient patterns" name="Architecture Validation Tests Performance Architecture Validation should validate memory-efficient patterns" time="0">
    </testcase>
  </testsuite>
</testsuites>