<?xml version="1.0" encoding="UTF-8"?>
<testsuites name="jest tests" tests="29" failures="0" errors="0" time="2.073">
  <testsuite name="ServiceRequestOperations" errors="0" failures="0" skipped="0" timestamp="2025-09-23T05:59:27" time="1.792" tests="29">
    <testcase classname="ServiceRequestOperations Component Rendering should render the operations dropdown menu" name="ServiceRequestOperations Component Rendering should render the operations dropdown menu" time="0.052">
    </testcase>
    <testcase classname="ServiceRequestOperations Component Rendering should show menu items when dropdown is opened" name="ServiceRequestOperations Component Rendering should show menu items when dropdown is opened" time="0.05">
    </testcase>
    <testcase classname="ServiceRequestOperations Component Rendering should have correct navigation links" name="ServiceRequestOperations Component Rendering should have correct navigation links" time="0.03">
    </testcase>
    <testcase classname="ServiceRequestOperations Component Rendering should show delete option with destructive styling" name="ServiceRequestOperations Component Rendering should show delete option with destructive styling" time="0.025">
    </testcase>
    <testcase classname="ServiceRequestOperations Delete Confirmation Dialog should show delete confirmation dialog when delete is clicked" name="ServiceRequestOperations Delete Confirmation Dialog should show delete confirmation dialog when delete is clicked" time="0.061">
    </testcase>
    <testcase classname="ServiceRequestOperations Delete Confirmation Dialog should show cancel and delete buttons in dialog" name="ServiceRequestOperations Delete Confirmation Dialog should show cancel and delete buttons in dialog" time="0.059">
    </testcase>
    <testcase classname="ServiceRequestOperations Delete Confirmation Dialog should close dialog when cancel is clicked" name="ServiceRequestOperations Delete Confirmation Dialog should close dialog when cancel is clicked" time="0.069">
    </testcase>
    <testcase classname="ServiceRequestOperations Delete Confirmation Dialog should include service request title in confirmation message" name="ServiceRequestOperations Delete Confirmation Dialog should include service request title in confirmation message" time="0.052">
    </testcase>
    <testcase classname="ServiceRequestOperations Delete Functionality should successfully delete service request" name="ServiceRequestOperations Delete Functionality should successfully delete service request" time="0.07">
    </testcase>
    <testcase classname="ServiceRequestOperations Delete Functionality should show loading state during deletion" name="ServiceRequestOperations Delete Functionality should show loading state during deletion" time="0.064">
    </testcase>
    <testcase classname="ServiceRequestOperations Delete Functionality should show success toast and refresh on successful deletion" name="ServiceRequestOperations Delete Functionality should show success toast and refresh on successful deletion" time="0.068">
    </testcase>
    <testcase classname="ServiceRequestOperations Delete Functionality should close dialog on successful deletion" name="ServiceRequestOperations Delete Functionality should close dialog on successful deletion" time="0.064">
    </testcase>
    <testcase classname="ServiceRequestOperations Error Handling should show error toast for 403 unauthorized" name="ServiceRequestOperations Error Handling should show error toast for 403 unauthorized" time="0.067">
    </testcase>
    <testcase classname="ServiceRequestOperations Error Handling should show error toast for 404 not found" name="ServiceRequestOperations Error Handling should show error toast for 404 not found" time="0.065">
    </testcase>
    <testcase classname="ServiceRequestOperations Error Handling should show error toast for 500 server error" name="ServiceRequestOperations Error Handling should show error toast for 500 server error" time="0.065">
    </testcase>
    <testcase classname="ServiceRequestOperations Error Handling should show generic error toast for other HTTP errors" name="ServiceRequestOperations Error Handling should show generic error toast for other HTTP errors" time="0.08">
    </testcase>
    <testcase classname="ServiceRequestOperations Error Handling should show network error toast for fetch failures" name="ServiceRequestOperations Error Handling should show network error toast for fetch failures" time="0.066">
    </testcase>
    <testcase classname="ServiceRequestOperations Error Handling should not close dialog on error" name="ServiceRequestOperations Error Handling should not close dialog on error" time="0.067">
    </testcase>
    <testcase classname="ServiceRequestOperations Error Handling should not refresh router on error" name="ServiceRequestOperations Error Handling should not refresh router on error" time="0.064">
    </testcase>
    <testcase classname="ServiceRequestOperations Loading States should show trash icon when not loading" name="ServiceRequestOperations Loading States should show trash icon when not loading" time="0.049">
    </testcase>
    <testcase classname="ServiceRequestOperations Loading States should switch to spinner during loading" name="ServiceRequestOperations Loading States should switch to spinner during loading" time="0.059">
    </testcase>
    <testcase classname="ServiceRequestOperations Loading States should reset loading state after error" name="ServiceRequestOperations Loading States should reset loading state after error" time="0.065">
    </testcase>
    <testcase classname="ServiceRequestOperations Accessibility should have proper ARIA labels and roles" name="ServiceRequestOperations Accessibility should have proper ARIA labels and roles" time="0.003">
    </testcase>
    <testcase classname="ServiceRequestOperations Accessibility should handle keyboard navigation" name="ServiceRequestOperations Accessibility should handle keyboard navigation" time="0.019">
    </testcase>
    <testcase classname="ServiceRequestOperations Accessibility should maintain focus management in dialog" name="ServiceRequestOperations Accessibility should maintain focus management in dialog" time="0.033">
    </testcase>
    <testcase classname="ServiceRequestOperations Edge Cases should handle service request with special characters in title" name="ServiceRequestOperations Edge Cases should handle service request with special characters in title" time="0.035">
    </testcase>
    <testcase classname="ServiceRequestOperations Edge Cases should handle very long service request titles" name="ServiceRequestOperations Edge Cases should handle very long service request titles" time="0.034">
    </testcase>
    <testcase classname="ServiceRequestOperations Edge Cases should handle empty service request title" name="ServiceRequestOperations Edge Cases should handle empty service request title" time="0.031">
    </testcase>
    <testcase classname="ServiceRequestOperations Edge Cases should prevent event default on delete button click" name="ServiceRequestOperations Edge Cases should prevent event default on delete button click" time="0.054">
    </testcase>
  </testsuite>
</testsuites>