<?xml version="1.0" encoding="UTF-8"?>
<testsuites name="jest tests" tests="14" failures="0" errors="0" time="0.434">
  <testsuite name="/api/auth/mobile/login" errors="0" failures="0" skipped="0" timestamp="2025-09-24T02:49:28" time="0.169" tests="14">
    <testcase classname="/api/auth/mobile/login POST should successfully login with valid credentials" name="/api/auth/mobile/login POST should successfully login with valid credentials" time="0.003">
    </testcase>
    <testcase classname="/api/auth/mobile/login POST should return 401 for invalid email" name="/api/auth/mobile/login POST should return 401 for invalid email" time="0.001">
    </testcase>
    <testcase classname="/api/auth/mobile/login POST should return 401 for user without password" name="/api/auth/mobile/login POST should return 401 for user without password" time="0.001">
    </testcase>
    <testcase classname="/api/auth/mobile/login POST should return 401 for invalid password" name="/api/auth/mobile/login POST should return 401 for invalid password" time="0">
    </testcase>
    <testcase classname="/api/auth/mobile/login POST should return 400 for invalid request data" name="/api/auth/mobile/login POST should return 400 for invalid request data" time="0.02">
    </testcase>
    <testcase classname="/api/auth/mobile/login POST should return 400 for missing email" name="/api/auth/mobile/login POST should return 400 for missing email" time="0.001">
    </testcase>
    <testcase classname="/api/auth/mobile/login POST should return 400 for missing password" name="/api/auth/mobile/login POST should return 400 for missing password" time="0.001">
    </testcase>
    <testcase classname="/api/auth/mobile/login POST should handle database errors gracefully" name="/api/auth/mobile/login POST should handle database errors gracefully" time="0.001">
    </testcase>
    <testcase classname="/api/auth/mobile/login POST should handle malformed JSON gracefully" name="/api/auth/mobile/login POST should handle malformed JSON gracefully" time="0.001">
    </testcase>
    <testcase classname="/api/auth/mobile/login POST should apply rate limiting" name="/api/auth/mobile/login POST should apply rate limiting" time="0.002">
    </testcase>
    <testcase classname="/api/auth/mobile/login POST should normalize email to lowercase" name="/api/auth/mobile/login POST should normalize email to lowercase" time="0.001">
    </testcase>
    <testcase classname="/api/auth/mobile/login POST should generate tokens with correct payload" name="/api/auth/mobile/login POST should generate tokens with correct payload" time="0">
    </testcase>
    <testcase classname="/api/auth/mobile/login POST should handle user with no role" name="/api/auth/mobile/login POST should handle user with no role" time="0">
    </testcase>
    <testcase classname="/api/auth/mobile/login GET should return 405 Method Not Allowed" name="/api/auth/mobile/login GET should return 405 Method Not Allowed" time="0.001">
    </testcase>
  </testsuite>
</testsuites>