<?xml version="1.0" encoding="UTF-8"?>
<testsuites name="jest tests" tests="8" failures="0" errors="0" time="0.595">
  <testsuite name="useDashboardData" errors="0" failures="0" skipped="7" timestamp="2025-09-26T05:13:21" time="0.245" tests="8">
    <testcase classname="useDashboardData should fetch USER dashboard data successfully" name="useDashboardData should fetch USER dashboard data successfully" time="0.061">
    </testcase>
    <testcase classname="useDashboardData should fetch OPERATOR dashboard data successfully" name="useDashboardData should fetch OPERATOR dashboard data successfully" time="0">
      <skipped/>
    </testcase>
    <testcase classname="useDashboardData should handle authentication error" name="useDashboardData should handle authentication error" time="0">
      <skipped/>
    </testcase>
    <testcase classname="useDashboardData should handle authorization error" name="useDashboardData should handle authorization error" time="0">
      <skipped/>
    </testcase>
    <testcase classname="useDashboardData should handle network error" name="useDashboardData should handle network error" time="0">
      <skipped/>
    </testcase>
    <testcase classname="useDashboardData should build correct query parameters" name="useDashboardData should build correct query parameters" time="0">
      <skipped/>
    </testcase>
    <testcase classname="useDashboardData should handle refetch" name="useDashboardData should handle refetch" time="0">
      <skipped/>
    </testcase>
    <testcase classname="useDashboardData should handle error for invalid role" name="useDashboardData should handle error for invalid role" time="0">
      <skipped/>
    </testcase>
  </testsuite>
</testsuites>